#
# There is insufficient memory for the Java Runtime Environment to continue.
# Native memory allocation (mmap) failed to map 38273024 bytes for committing reserved memory.
# Possible reasons:
#   The system is out of physical RAM or swap space
#   The process is running with CompressedOops enabled, and the Java Heap may be blocking the growth of the native heap
# Possible solutions:
#   Reduce memory load on the system
#   Increase physical memory or swap space
#   Check if swap backing store is full
#   Decrease Java heap size (-Xmx/-Xms)
#   Decrease number of Java threads
#   Decrease Java thread stack sizes (-Xss)
#   Set larger code cache with -XX:ReservedCodeCacheSize=
#   JVM is running with Unscaled Compressed Oops mode in which the Java heap is
#     placed in the first 4GB address space. The Java Heap base address is the
#     maximum limit for the native heap growth. Please use -XX:HeapBaseMinAddress
#     to set the Java Heap base and to place the Java Heap above 4GB virtual address.
# This output file may be truncated or incomplete.
#
#  Out of Memory Error (os_linux.cpp:2756), pid=13134, tid=0x00007fd282bf9700
#
# JRE version: OpenJDK Runtime Environment (8.0_212-b03) (build 1.8.0_212-8u212-b03-0ubuntu1.18.04.1-b03)
# Java VM: OpenJDK 64-Bit Server VM (25.212-b03 mixed mode linux-amd64 compressed oops)
# Failed to write core dump. Core dumps have been disabled. To enable core dumping, try "ulimit -c unlimited" before starting Java again
#

---------------  T H R E A D  ---------------

Current thread (0x00007fd294075800):  VMThread [stack: 0x00007fd282afa000,0x00007fd282bfa000] [id=13144]

Stack: [0x00007fd282afa000,0x00007fd282bfa000],  sp=0x00007fd282bf84a0,  free space=1017k
Native frames: (J=compiled Java code, j=interpreted, Vv=VM code, C=native code)
V  [libjvm.so+0xab46a2]
V  [libjvm.so+0x4db6b7]
V  [libjvm.so+0x8ef7b0]
V  [libjvm.so+0x8e68ce]
V  [libjvm.so+0x96a406]
V  [libjvm.so+0x96b778]
V  [libjvm.so+0x967d76]
V  [libjvm.so+0x96810c]
V  [libjvm.so+0x916928]
V  [libjvm.so+0xab6372]
V  [libjvm.so+0xabaea6]
V  [libjvm.so+0xab91e5]
V  [libjvm.so+0xab9abd]
V  [libjvm.so+0xab9e97]
V  [libjvm.so+0x8ecb42]

VM_Operation (0x00007fd29d12a4b0): ParallelGCFailedAllocation, mode: safepoint, requested by thread 0x00007fd29400b800


---------------  P R O C E S S  ---------------

Java Threads: ( => current thread )
  0x00007fd29414f000 JavaThread "Okio Watchdog" daemon [_thread_blocked, id=13153, stack(0x00007fd2800f3000,0x00007fd2801f4000)]
  0x00007fd2949e7800 JavaThread "OkHttp ConnectionPool" daemon [_thread_blocked, id=13152, stack(0x00007fd280ac8000,0x00007fd280bc9000)]
  0x00007fd2940bd800 JavaThread "Service Thread" daemon [_thread_blocked, id=13150, stack(0x00007fd2821b4000,0x00007fd2822b5000)]
  0x00007fd2940ba800 JavaThread "C1 CompilerThread1" daemon [_thread_blocked, id=13149, stack(0x00007fd2822b6000,0x00007fd2823b6000)]
  0x00007fd2940b7800 JavaThread "C2 CompilerThread0" daemon [_thread_blocked, id=13148, stack(0x00007fd2823b7000,0x00007fd2824b7000)]
  0x00007fd2940b6000 JavaThread "Signal Dispatcher" daemon [_thread_blocked, id=13147, stack(0x00007fd2824b7000,0x00007fd2825b8000)]
  0x00007fd294081800 JavaThread "Finalizer" daemon [_thread_blocked, id=13146, stack(0x00007fd2828f7000,0x00007fd2829f8000)]
  0x00007fd29407f000 JavaThread "Reference Handler" daemon [_thread_blocked, id=13145, stack(0x00007fd2829f8000,0x00007fd282af9000)]
  0x00007fd29400b800 JavaThread "main" [_thread_blocked, id=13140, stack(0x00007fd29d02e000,0x00007fd29d12e000)]

Other Threads:
=>0x00007fd294075800 VMThread [stack: 0x00007fd282afa000,0x00007fd282bfa000] [id=13144]
  0x00007fd2940c0000 WatcherThread [stack: 0x00007fd2820b4000,0x00007fd2821b4000] [id=13151]

VM state:at safepoint (normal execution)

VM Mutex/Monitor currently owned by a thread:  ([mutex/lock_event])
[0x00007fd294007ff0] Threads_lock - owner thread: 0x00007fd294075800
[0x00007fd2940084f0] Heap_lock - owner thread: 0x00007fd29400b800

heap address: 0x00000000c2400000, size: 988 MB, Compressed Oops mode: 32-bit
Narrow klass base: 0x0000000000000000, Narrow klass shift: 3
Compressed class space size: 1073741824 Address: 0x0000000100000000

Heap:
 PSYoungGen      total 134144K, used 1680K [0x00000000eb700000, 0x00000000f4600000, 0x0000000100000000)
  eden space 123904K, 0% used [0x00000000eb700000,0x00000000eb700000,0x00000000f3000000)
  from space 10240K, 16% used [0x00000000f3000000,0x00000000f31a4240,0x00000000f3a00000)
  to   space 8192K, 0% used [0x00000000f3a00000,0x00000000f3a00000,0x00000000f4200000)
 ParOldGen       total 39936K, used 13883K [0x00000000c2400000, 0x00000000c4b00000, 0x00000000eb700000)
  object space 39936K, 34% used [0x00000000c2400000,0x00000000c318ef28,0x00000000c4b00000)
 Metaspace       used 21927K, capacity 22458K, committed 22656K, reserved 1069056K
  class space    used 2458K, capacity 2643K, committed 2688K, reserved 1048576K

Card table byte_map: [0x00007fd2993d5000,0x00007fd2995c4000] byte_map_base: 0x00007fd298dc3000

Marking Bits: (ParMarkBitMap*) 0x00007fd29c2c23c0
 Begin Bits: [0x00007fd283120000, 0x00007fd284090000)
 End Bits:   [0x00007fd284090000, 0x00007fd285000000)

Polling page: 0x00007fd29d143000

CodeCache: size=245760Kb used=11273Kb max_used=11285Kb free=234486Kb
 bounds [0x00007fd285000000, 0x00007fd285b10000, 0x00007fd294000000]
 total_blobs=4197 nmethods=3778 adapters=333
 compilation: enabled

Compilation events (10 events):
Event: 23.002 Thread 0x00007fd2940ba800 3796       3       java.util.regex.Pattern$BmpCharProperty::<init> (5 bytes)
Event: 23.002 Thread 0x00007fd2940b7800 3798  s    4       java.lang.StringBuffer::toString (36 bytes)
Event: 23.017 Thread 0x00007fd2940ba800 nmethod 3796 0x00007fd285b021d0 code [0x00007fd285b02360, 0x00007fd285b026b0]
Event: 23.017 Thread 0x00007fd2940ba800 3797       3       java.util.regex.Pattern$BmpCharProperty::<init> (6 bytes)
Event: 23.017 Thread 0x00007fd2940ba800 nmethod 3797 0x00007fd285b08010 code [0x00007fd285b081a0, 0x00007fd285b08490]
Event: 23.031 Thread 0x00007fd2940b7800 nmethod 3798 0x00007fd285b0b790 code [0x00007fd285b0b900, 0x00007fd285b0be98]
Event: 23.031 Thread 0x00007fd2940b7800 3799       4       java.net.URI::match (56 bytes)
Event: 23.033 Thread 0x00007fd2940b7800 nmethod 3799 0x00007fd285b01f10 code [0x00007fd285b02060, 0x00007fd285b02118]
Event: 23.228 Thread 0x00007fd2940b7800 3802       4       okio.Util::checkOffsetAndCount (64 bytes)
Event: 23.228 Thread 0x00007fd2940ba800 3800  s    1       java.io.ByteArrayOutputStream::reset (6 bytes)

GC Heap History (10 events):
Event: 1.999 GC heap after
Heap after GC invocations=5 (full 0):
 PSYoungGen      total 34304K, used 2544K [0x00000000eb700000, 0x00000000f0200000, 0x0000000100000000)
  eden space 31744K, 0% used [0x00000000eb700000,0x00000000eb700000,0x00000000ed600000)
  from space 2560K, 99% used [0x00000000ed600000,0x00000000ed87c010,0x00000000ed880000)
  to   space 6656K, 0% used [0x00000000efb80000,0x00000000efb80000,0x00000000f0200000)
 ParOldGen       total 42496K, used 8010K [0x00000000c2400000, 0x00000000c4d80000, 0x00000000eb700000)
  object space 42496K, 18% used [0x00000000c2400000,0x00000000c2bd2af8,0x00000000c4d80000)
 Metaspace       used 14348K, capacity 14570K, committed 14720K, reserved 1062912K
  class space    used 1746K, capacity 1839K, committed 1920K, reserved 1048576K
}
Event: 2.598 GC heap before
{Heap before GC invocations=6 (full 0):
 PSYoungGen      total 34304K, used 34288K [0x00000000eb700000, 0x00000000f0200000, 0x0000000100000000)
  eden space 31744K, 100% used [0x00000000eb700000,0x00000000ed600000,0x00000000ed600000)
  from space 2560K, 99% used [0x00000000ed600000,0x00000000ed87c010,0x00000000ed880000)
  to   space 6656K, 0% used [0x00000000efb80000,0x00000000efb80000,0x00000000f0200000)
 ParOldGen       total 42496K, used 8010K [0x00000000c2400000, 0x00000000c4d80000, 0x00000000eb700000)
  object space 42496K, 18% used [0x00000000c2400000,0x00000000c2bd2af8,0x00000000c4d80000)
 Metaspace       used 15306K, capacity 15576K, committed 15744K, reserved 1062912K
  class space    used 1820K, capacity 1913K, committed 1920K, reserved 1048576K
Event: 2.611 GC heap after
Heap after GC invocations=6 (full 0):
 PSYoungGen      total 69632K, used 5425K [0x00000000eb700000, 0x00000000f0300000, 0x0000000100000000)
  eden space 62976K, 0% used [0x00000000eb700000,0x00000000eb700000,0x00000000ef480000)
  from space 6656K, 81% used [0x00000000efb80000,0x00000000f00cc7a8,0x00000000f0200000)
  to   space 7168K, 0% used [0x00000000ef480000,0x00000000ef480000,0x00000000efb80000)
 ParOldGen       total 42496K, used 8018K [0x00000000c2400000, 0x00000000c4d80000, 0x00000000eb700000)
  object space 42496K, 18% used [0x00000000c2400000,0x00000000c2bd4af8,0x00000000c4d80000)
 Metaspace       used 15306K, capacity 15576K, committed 15744K, reserved 1062912K
  class space    used 1820K, capacity 1913K, committed 1920K, reserved 1048576K
}
Event: 3.555 GC heap before
{Heap before GC invocations=7 (full 0):
 PSYoungGen      total 69632K, used 68401K [0x00000000eb700000, 0x00000000f0300000, 0x0000000100000000)
  eden space 62976K, 100% used [0x00000000eb700000,0x00000000ef480000,0x00000000ef480000)
  from space 6656K, 81% used [0x00000000efb80000,0x00000000f00cc7a8,0x00000000f0200000)
  to   space 7168K, 0% used [0x00000000ef480000,0x00000000ef480000,0x00000000efb80000)
 ParOldGen       total 42496K, used 8018K [0x00000000c2400000, 0x00000000c4d80000, 0x00000000eb700000)
  object space 42496K, 18% used [0x00000000c2400000,0x00000000c2bd4af8,0x00000000c4d80000)
 Metaspace       used 16483K, capacity 16860K, committed 17152K, reserved 1064960K
  class space    used 1909K, capacity 2022K, committed 2048K, reserved 1048576K
Event: 3.600 GC heap after
Heap after GC invocations=7 (full 0):
 PSYoungGen      total 70144K, used 7165K [0x00000000eb700000, 0x00000000f4200000, 0x0000000100000000)
  eden space 62976K, 0% used [0x00000000eb700000,0x00000000eb700000,0x00000000ef480000)
  from space 7168K, 99% used [0x00000000ef480000,0x00000000efb7f4e8,0x00000000efb80000)
  to   space 8192K, 0% used [0x00000000f3a00000,0x00000000f3a00000,0x00000000f4200000)
 ParOldGen       total 42496K, used 8831K [0x00000000c2400000, 0x00000000c4d80000, 0x00000000eb700000)
  object space 42496K, 20% used [0x00000000c2400000,0x00000000c2c9fea0,0x00000000c4d80000)
 Metaspace       used 16483K, capacity 16860K, committed 17152K, reserved 1064960K
  class space    used 1909K, capacity 2022K, committed 2048K, reserved 1048576K
}
Event: 4.694 GC heap before
{Heap before GC invocations=8 (full 0):
 PSYoungGen      total 70144K, used 43489K [0x00000000eb700000, 0x00000000f4200000, 0x0000000100000000)
  eden space 62976K, 57% used [0x00000000eb700000,0x00000000eda79058,0x00000000ef480000)
  from space 7168K, 99% used [0x00000000ef480000,0x00000000efb7f4e8,0x00000000efb80000)
  to   space 8192K, 0% used [0x00000000f3a00000,0x00000000f3a00000,0x00000000f4200000)
 ParOldGen       total 42496K, used 8831K [0x00000000c2400000, 0x00000000c4d80000, 0x00000000eb700000)
  object space 42496K, 20% used [0x00000000c2400000,0x00000000c2c9fea0,0x00000000c4d80000)
 Metaspace       used 20635K, capacity 21182K, committed 21248K, reserved 1069056K
  class space    used 2341K, capacity 2543K, committed 2560K, reserved 1048576K
Event: 4.719 GC heap after
Heap after GC invocations=8 (full 0):
 PSYoungGen      total 132096K, used 8186K [0x00000000eb700000, 0x00000000f4600000, 0x0000000100000000)
  eden space 123904K, 0% used [0x00000000eb700000,0x00000000eb700000,0x00000000f3000000)
  from space 8192K, 99% used [0x00000000f3a00000,0x00000000f41febb0,0x00000000f4200000)
  to   space 10240K, 0% used [0x00000000f3000000,0x00000000f3000000,0x00000000f3a00000)
 ParOldGen       total 42496K, used 10177K [0x00000000c2400000, 0x00000000c4d80000, 0x00000000eb700000)
  object space 42496K, 23% used [0x00000000c2400000,0x00000000c2df06f0,0x00000000c4d80000)
 Metaspace       used 20635K, capacity 21182K, committed 21248K, reserved 1069056K
  class space    used 2341K, capacity 2543K, committed 2560K, reserved 1048576K
}
Event: 4.719 GC heap before
{Heap before GC invocations=9 (full 1):
 PSYoungGen      total 132096K, used 8186K [0x00000000eb700000, 0x00000000f4600000, 0x0000000100000000)
  eden space 123904K, 0% used [0x00000000eb700000,0x00000000eb700000,0x00000000f3000000)
  from space 8192K, 99% used [0x00000000f3a00000,0x00000000f41febb0,0x00000000f4200000)
  to   space 10240K, 0% used [0x00000000f3000000,0x00000000f3000000,0x00000000f3a00000)
 ParOldGen       total 42496K, used 10177K [0x00000000c2400000, 0x00000000c4d80000, 0x00000000eb700000)
  object space 42496K, 23% used [0x00000000c2400000,0x00000000c2df06f0,0x00000000c4d80000)
 Metaspace       used 20635K, capacity 21182K, committed 21248K, reserved 1069056K
  class space    used 2341K, capacity 2543K, committed 2560K, reserved 1048576K
Event: 4.827 GC heap after
Heap after GC invocations=9 (full 1):
 PSYoungGen      total 132096K, used 0K [0x00000000eb700000, 0x00000000f4600000, 0x0000000100000000)
  eden space 123904K, 0% used [0x00000000eb700000,0x00000000eb700000,0x00000000f3000000)
  from space 8192K, 0% used [0x00000000f3a00000,0x00000000f3a00000,0x00000000f4200000)
  to   space 10240K, 0% used [0x00000000f3000000,0x00000000f3000000,0x00000000f3a00000)
 ParOldGen       total 39936K, used 13875K [0x00000000c2400000, 0x00000000c4b00000, 0x00000000eb700000)
  object space 39936K, 34% used [0x00000000c2400000,0x00000000c318cf28,0x00000000c4b00000)
 Metaspace       used 20635K, capacity 21182K, committed 21248K, reserved 1069056K
  class space    used 2341K, capacity 2543K, committed 2560K, reserved 1048576K
}
Event: 23.252 GC heap before
{Heap before GC invocations=10 (full 1):
 PSYoungGen      total 132096K, used 123904K [0x00000000eb700000, 0x00000000f4600000, 0x0000000100000000)
  eden space 123904K, 100% used [0x00000000eb700000,0x00000000f3000000,0x00000000f3000000)
  from space 8192K, 0% used [0x00000000f3a00000,0x00000000f3a00000,0x00000000f4200000)
  to   space 10240K, 0% used [0x00000000f3000000,0x00000000f3000000,0x00000000f3a00000)
 ParOldGen       total 39936K, used 13875K [0x00000000c2400000, 0x00000000c4b00000, 0x00000000eb700000)
  object space 39936K, 34% used [0x00000000c2400000,0x00000000c318cf28,0x00000000c4b00000)
 Metaspace       used 21927K, capacity 22458K, committed 22656K, reserved 1069056K
  class space    used 2458K, capacity 2643K, committed 2688K, reserved 1048576K

Deoptimization events (10 events):
Event: 6.651 Thread 0x00007fd29400b800 Uncommon trap: reason=class_check action=maybe_recompile pc=0x00007fd2857eac00 method=java.util.Collections$UnmodifiableMap$UnmodifiableEntrySet$UnmodifiableEntry.getValue()Ljava/lang/Object; @ 4
Event: 6.651 Thread 0x00007fd29400b800 Uncommon trap: reason=class_check action=maybe_recompile pc=0x00007fd2856ecf80 method=java.util.Collections$UnmodifiableMap$UnmodifiableEntrySet$UnmodifiableEntry.getKey()Ljava/lang/Object; @ 4
Event: 7.013 Thread 0x00007fd29400b800 Uncommon trap: reason=class_check action=maybe_recompile pc=0x00007fd2857de18c method=java.util.Collections$UnmodifiableMap$UnmodifiableEntrySet$1.hasNext()Z @ 4
Event: 7.018 Thread 0x00007fd29400b800 Uncommon trap: reason=class_check action=maybe_recompile pc=0x00007fd2857ec7c8 method=java.util.Collections$UnmodifiableMap$UnmodifiableEntrySet$1.next()Ljava/util/Map$Entry; @ 8
Event: 7.018 Thread 0x00007fd29400b800 Uncommon trap: reason=class_check action=maybe_recompile pc=0x00007fd2857eac00 method=java.util.Collections$UnmodifiableMap$UnmodifiableEntrySet$UnmodifiableEntry.getValue()Ljava/lang/Object; @ 4
Event: 7.018 Thread 0x00007fd29400b800 Uncommon trap: reason=class_check action=maybe_recompile pc=0x00007fd2856ecf80 method=java.util.Collections$UnmodifiableMap$UnmodifiableEntrySet$UnmodifiableEntry.getKey()Ljava/lang/Object; @ 4
Event: 7.534 Thread 0x00007fd29400b800 Uncommon trap: reason=class_check action=maybe_recompile pc=0x00007fd2857de18c method=java.util.Collections$UnmodifiableMap$UnmodifiableEntrySet$1.hasNext()Z @ 4
Event: 7.534 Thread 0x00007fd29400b800 Uncommon trap: reason=class_check action=maybe_recompile pc=0x00007fd2857ec7c8 method=java.util.Collections$UnmodifiableMap$UnmodifiableEntrySet$1.next()Ljava/util/Map$Entry; @ 8
Event: 7.534 Thread 0x00007fd29400b800 Uncommon trap: reason=class_check action=maybe_recompile pc=0x00007fd2857eac00 method=java.util.Collections$UnmodifiableMap$UnmodifiableEntrySet$UnmodifiableEntry.getValue()Ljava/lang/Object; @ 4
Event: 7.534 Thread 0x00007fd29400b800 Uncommon trap: reason=class_check action=maybe_recompile pc=0x00007fd2856ecf80 method=java.util.Collections$UnmodifiableMap$UnmodifiableEntrySet$UnmodifiableEntry.getKey()Ljava/lang/Object; @ 4

Classes redefined (0 events):
No events

Internal exceptions (10 events):
Event: 4.149 Thread 0x00007fd29400b800 Exception <a 'java/lang/NullPointerException'> (0x00000000ed293540) thrown at [/build/openjdk-8-fPix8r/openjdk-8-8u212-b03/src/hotspot/src/share/vm/interpreter/linkResolver.cpp, line 1185]
Event: 4.149 Thread 0x00007fd29400b800 Exception <a 'java/lang/NullPointerException'> (0x00000000ed293940) thrown at [/build/openjdk-8-fPix8r/openjdk-8-8u212-b03/src/hotspot/src/share/vm/interpreter/linkResolver.cpp, line 1185]
Event: 4.150 Thread 0x00007fd29400b800 Exception <a 'java/lang/NullPointerException'> (0x00000000ed297ee0) thrown at [/build/openjdk-8-fPix8r/openjdk-8-8u212-b03/src/hotspot/src/share/vm/interpreter/linkResolver.cpp, line 1185]
Event: 4.150 Thread 0x00007fd29400b800 Exception <a 'java/lang/NullPointerException'> (0x00000000ed2982e0) thrown at [/build/openjdk-8-fPix8r/openjdk-8-8u212-b03/src/hotspot/src/share/vm/interpreter/linkResolver.cpp, line 1185]
Event: 4.150 Thread 0x00007fd29400b800 Exception <a 'java/lang/NullPointerException'> (0x00000000ed2986e0) thrown at [/build/openjdk-8-fPix8r/openjdk-8-8u212-b03/src/hotspot/src/share/vm/interpreter/linkResolver.cpp, line 1185]
Event: 4.297 Thread 0x00007fd29400b800 Exception <a 'java/lang/NoSuchFieldError': method resolution failed> (0x00000000ed531110) thrown at [/build/openjdk-8-fPix8r/openjdk-8-8u212-b03/src/hotspot/src/share/vm/prims/methodHandles.cpp, line 1167]
Event: 4.298 Thread 0x00007fd29400b800 Exception <a 'java/lang/NoSuchFieldError': method resolution failed> (0x00000000ed53e7d0) thrown at [/build/openjdk-8-fPix8r/openjdk-8-8u212-b03/src/hotspot/src/share/vm/prims/methodHandles.cpp, line 1167]
Event: 4.363 Thread 0x00007fd29400b800 Exception <a 'java/lang/NoSuchMethodError': java.lang.Object.lambda$static$0(Lokhttp3/Route;Lokhttp3/Response;)Lokhttp3/Request;> (0x00000000ed640918) thrown at [/build/openjdk-8-fPix8r/openjdk-8-8u212-b03/src/hotspot/src/share/vm/interpreter/linkResolver
Event: 4.377 Thread 0x00007fd29400b800 Exception <a 'java/lang/NoSuchMethodError': java.lang.Object.lambda$static$0(Ljava/lang/String;)Ljava/util/List;> (0x00000000ed67cad8) thrown at [/build/openjdk-8-fPix8r/openjdk-8-8u212-b03/src/hotspot/src/share/vm/interpreter/linkResolver.cpp, line 620]
Event: 4.397 Thread 0x00007fd29400b800 Exception <a 'java/lang/ClassNotFoundException': org/eclipse/jetty/alpn/ALPN> (0x00000000ed72d520) thrown at [/build/openjdk-8-fPix8r/openjdk-8-8u212-b03/src/hotspot/src/share/vm/classfile/systemDictionary.cpp, line 210]

Events (10 events):
Event: 12.597 Thread 0x00007fd2940ba800 flushing nmethod 0x00007fd285120bd0
Event: 12.597 Thread 0x00007fd2940ba800 flushing nmethod 0x00007fd285121210
Event: 13.667 Thread 0x00007fd2940ba800 flushing nmethod 0x00007fd285100250
Event: 13.667 Thread 0x00007fd2940ba800 flushing nmethod 0x00007fd28513ab50
Event: 13.667 Thread 0x00007fd2940ba800 flushing nmethod 0x00007fd28513b950
Event: 13.667 Thread 0x00007fd2940ba800 flushing nmethod 0x00007fd28514f110
Event: 13.667 Thread 0x00007fd2940ba800 flushing nmethod 0x00007fd28515b310
Event: 15.824 Thread 0x00007fd29400b800 DEOPT PACKING pc=0x00007fd285a85f02 sp=0x00007fd29d12ae90
Event: 15.824 Thread 0x00007fd29400b800 DEOPT UNPACKING pc=0x00007fd2850474c4 sp=0x00007fd29d12abb8 mode 0
Event: 23.247 Executing VM operation: ParallelGCFailedAllocation


Dynamic libraries:
c2400000-c4b00000 rw-p 00000000 00:00 0 
c4b00000-eb700000 ---p 00000000 00:00 0 
eb700000-f4600000 rw-p 00000000 00:00 0 
f6a80000-100000000 ---p 00000000 00:00 0 
100000000-1002a0000 rw-p 00000000 00:00 0 
1002a0000-140000000 ---p 00000000 00:00 0 
55fdf2174000-55fdf2175000 r-xp 00000000 fc:01 3109258                    /usr/lib/jvm/java-8-openjdk-amd64/jre/bin/java
55fdf2374000-55fdf2375000 r--p 00000000 fc:01 3109258                    /usr/lib/jvm/java-8-openjdk-amd64/jre/bin/java
55fdf2375000-55fdf2376000 rw-p 00001000 fc:01 3109258                    /usr/lib/jvm/java-8-openjdk-amd64/jre/bin/java
55fdf3be1000-55fdf3c02000 rw-p 00000000 00:00 0                          [heap]
7fd248000000-7fd248021000 rw-p 00000000 00:00 0 
7fd248021000-7fd24c000000 ---p 00000000 00:00 0 
7fd250000000-7fd250021000 rw-p 00000000 00:00 0 
7fd250021000-7fd254000000 ---p 00000000 00:00 0 
7fd254000000-7fd254021000 rw-p 00000000 00:00 0 
7fd254021000-7fd258000000 ---p 00000000 00:00 0 
7fd25be00000-7fd25bf80000 rw-p 00000000 00:00 0 
7fd25bf80000-7fd25c000000 ---p 00000000 00:00 0 
7fd25c000000-7fd25ccb5000 rw-p 00000000 00:00 0 
7fd25ccb5000-7fd260000000 ---p 00000000 00:00 0 
7fd260000000-7fd260021000 rw-p 00000000 00:00 0 
7fd260021000-7fd264000000 ---p 00000000 00:00 0 
7fd264000000-7fd264021000 rw-p 00000000 00:00 0 
7fd264021000-7fd268000000 ---p 00000000 00:00 0 
7fd268000000-7fd268cb8000 rw-p 00000000 00:00 0 
7fd268cb8000-7fd26c000000 ---p 00000000 00:00 0 
7fd26c000000-7fd26c021000 rw-p 00000000 00:00 0 
7fd26c021000-7fd270000000 ---p 00000000 00:00 0 
7fd270000000-7fd270021000 rw-p 00000000 00:00 0 
7fd270021000-7fd274000000 ---p 00000000 00:00 0 
7fd274000000-7fd274021000 rw-p 00000000 00:00 0 
7fd274021000-7fd278000000 ---p 00000000 00:00 0 
7fd278000000-7fd278021000 rw-p 00000000 00:00 0 
7fd278021000-7fd27c000000 ---p 00000000 00:00 0 
7fd27c000000-7fd27c021000 rw-p 00000000 00:00 0 
7fd27c021000-7fd280000000 ---p 00000000 00:00 0 
7fd2800f3000-7fd2800f6000 ---p 00000000 00:00 0 
7fd2800f6000-7fd2801f4000 rw-p 00000000 00:00 0 
7fd2801f4000-7fd28020b000 r-xp 00000000 fc:01 2180                       /lib/x86_64-linux-gnu/libresolv-2.27.so
7fd28020b000-7fd28040b000 ---p 00017000 fc:01 2180                       /lib/x86_64-linux-gnu/libresolv-2.27.so
7fd28040b000-7fd28040c000 r--p 00017000 fc:01 2180                       /lib/x86_64-linux-gnu/libresolv-2.27.so
7fd28040c000-7fd28040d000 rw-p 00018000 fc:01 2180                       /lib/x86_64-linux-gnu/libresolv-2.27.so
7fd28040d000-7fd28040f000 rw-p 00000000 00:00 0 
7fd28040f000-7fd280414000 r-xp 00000000 fc:01 2094                       /lib/x86_64-linux-gnu/libnss_dns-2.27.so
7fd280414000-7fd280614000 ---p 00005000 fc:01 2094                       /lib/x86_64-linux-gnu/libnss_dns-2.27.so
7fd280614000-7fd280615000 r--p 00005000 fc:01 2094                       /lib/x86_64-linux-gnu/libnss_dns-2.27.so
7fd280615000-7fd280616000 rw-p 00006000 fc:01 2094                       /lib/x86_64-linux-gnu/libnss_dns-2.27.so
7fd280616000-7fd280618000 r-xp 00000000 fc:01 76446                      /lib/x86_64-linux-gnu/libnss_mdns4_minimal.so.2
7fd280618000-7fd280817000 ---p 00002000 fc:01 76446                      /lib/x86_64-linux-gnu/libnss_mdns4_minimal.so.2
7fd280817000-7fd280818000 r--p 00001000 fc:01 76446                      /lib/x86_64-linux-gnu/libnss_mdns4_minimal.so.2
7fd280818000-7fd280819000 rw-p 00002000 fc:01 76446                      /lib/x86_64-linux-gnu/libnss_mdns4_minimal.so.2
7fd280819000-7fd280a19000 rw-p 00000000 00:00 0 
7fd280ac8000-7fd280acb000 ---p 00000000 00:00 0 
7fd280acb000-7fd280bc9000 rw-p 00000000 00:00 0 
7fd280bc9000-7fd280bf1000 r-xp 00000000 fc:01 3109301                    /usr/lib/jvm/java-8-openjdk-amd64/jre/lib/amd64/libsunec.so
7fd280bf1000-7fd280df0000 ---p 00028000 fc:01 3109301                    /usr/lib/jvm/java-8-openjdk-amd64/jre/lib/amd64/libsunec.so
7fd280df0000-7fd280df4000 r--p 00027000 fc:01 3109301                    /usr/lib/jvm/java-8-openjdk-amd64/jre/lib/amd64/libsunec.so
7fd280df4000-7fd280df5000 rw-p 0002b000 fc:01 3109301                    /usr/lib/jvm/java-8-openjdk-amd64/jre/lib/amd64/libsunec.so
7fd280df5000-7fd280df8000 r--s 0001b000 fc:01 3113140                    /root/.m2/repository/junit/junit/3.8.2/junit-3.8.2.jar
7fd280df8000-7fd280e06000 r--s 0008f000 fc:01 4130221                    /root/.m2/repository/com/google/collections/google-collections/1.0/google-collections-1.0.jar
7fd280e06000-7fd280e07000 r--s 0000a000 fc:01 4130219                    /root/.m2/repository/commons-logging/commons-logging-api/1.1/commons-logging-api-1.1.jar
7fd280e07000-7fd280e0e000 r--s 00051000 fc:01 4130217                    /root/.m2/repository/log4j/log4j/1.2.12/log4j-1.2.12.jar
7fd280e0e000-7fd280e12000 r--s 0001d000 fc:01 3365155                    /root/.m2/repository/org/apache/xbean/xbean-reflect/3.4/xbean-reflect-3.4.jar
7fd280e12000-7fd280e13000 r--s 00004000 fc:01 4130211                    /root/.m2/repository/org/codehaus/plexus/plexus-compiler-javac/2.2/plexus-compiler-javac-2.2.jar
7fd280e13000-7fd280e15000 r--s 00000000 fc:01 4130209                    /root/.m2/repository/org/codehaus/plexus/plexus-compiler-manager/2.2/plexus-compiler-manager-2.2.jar
7fd280e15000-7fd280e17000 r--s 00005000 fc:01 4130207                    /root/.m2/repository/org/codehaus/plexus/plexus-compiler-api/2.2/plexus-compiler-api-2.2.jar
7fd280e17000-7fd280e19000 r--s 00000000 fc:01 4130205                    /root/.m2/repository/org/codehaus/plexus/plexus-component-annotations/1.5.5/plexus-component-annotations-1.5.5.jar
7fd280e19000-7fd280e1b000 r--s 00002000 fc:01 4130203                    /root/.m2/repository/org/apache/maven/shared/maven-shared-incremental/1.1/maven-shared-incremental-1.1.jar
7fd280e1b000-7fd280e1d000 r--s 00006000 fc:01 4130201                    /root/.m2/repository/com/google/code/findbugs/jsr305/2.0.1/jsr305-2.0.1.jar
7fd280e1d000-7fd280e20000 r--s 00023000 fc:01 4130199                    /root/.m2/repository/org/apache/maven/shared/maven-shared-utils/0.1/maven-shared-utils-0.1.jar
7fd280e20000-7fd280e24000 r--s 00030000 fc:01 3622707                    /root/.m2/repository/org/codehaus/plexus/plexus-utils/1.5.1/plexus-utils-1.5.1.jar
7fd280e24000-7fd281024000 rw-p 00000000 00:00 0 
7fd281024000-7fd281026000 r--s 00009000 fc:01 3113121                    /root/.m2/repository/org/apache/maven/plugins/maven-compiler-plugin/3.1/maven-compiler-plugin-3.1.jar
7fd281120000-7fd281133000 r--s 00346000 fc:01 3109346                    /usr/lib/jvm/java-8-openjdk-amd64/jre/lib/resources.jar
7fd281133000-7fd281135000 r--s 00016000 fc:01 3109339                    /usr/lib/jvm/java-8-openjdk-amd64/jre/lib/jce.jar
7fd281135000-7fd281335000 rw-p 00000000 00:00 0 
7fd281335000-7fd281535000 rw-p 00000000 00:00 0 
7fd281535000-7fd281735000 rw-p 00000000 00:00 0 
7fd281735000-7fd281737000 r-xp 00000000 fc:01 2183                       /lib/x86_64-linux-gnu/libutil-2.27.so
7fd281737000-7fd281936000 ---p 00002000 fc:01 2183                       /lib/x86_64-linux-gnu/libutil-2.27.so
7fd281936000-7fd281937000 r--p 00001000 fc:01 2183                       /lib/x86_64-linux-gnu/libutil-2.27.so
7fd281937000-7fd281938000 rw-p 00002000 fc:01 2183                       /lib/x86_64-linux-gnu/libutil-2.27.so
7fd281938000-7fd28193a000 r--s 0000d000 fc:01 4130385                    /root/.m2/repository/org/codehaus/plexus/plexus-interpolation/1.13/plexus-interpolation-1.13.jar
7fd28193a000-7fd28193b000 r--s 00001000 fc:01 4130383                    /root/.m2/repository/org/sonatype/plexus/plexus-build-api/0.0.4/plexus-build-api-0.0.4.jar
7fd28193b000-7fd28193d000 r--s 00009000 fc:01 4130381                    /root/.m2/repository/org/apache/maven/shared/maven-filtering/1.1/maven-filtering-1.1.jar
7fd28193d000-7fd281941000 r--s 00033000 fc:01 4130379                    /root/.m2/repository/org/codehaus/plexus/plexus-utils/2.0.5/plexus-utils-2.0.5.jar
7fd281941000-7fd281944000 r--s 0001b000 fc:01 3365159                    /root/.m2/repository/junit/junit/3.8.1/junit-3.8.1.jar
7fd281944000-7fd281946000 r--s 00002000 fc:01 4130334                    /root/.m2/repository/org/codehaus/plexus/plexus-interactivity-api/1.0-alpha-4/plexus-interactivity-api-1.0-alpha-4.jar
7fd281946000-7fd281948000 r--s 00006000 fc:01 4130330                    /root/.m2/repository/commons-cli/commons-cli/1.0/commons-cli-1.0.jar
7fd281948000-7fd281949000 r--s 00001000 fc:01 4130326                    /root/.m2/repository/org/apache/maven/doxia/doxia-sink-api/1.0-alpha-7/doxia-sink-api-1.0-alpha-7.jar
7fd281949000-7fd28194a000 r--s 00002000 fc:01 4130324                    /root/.m2/repository/org/apache/maven/reporting/maven-reporting-api/2.0.6/maven-reporting-api-2.0.6.jar
7fd28194a000-7fd28194c000 r--s 00006000 fc:01 3113115                    /root/.m2/repository/org/apache/maven/plugins/maven-resources-plugin/2.6/maven-resources-plugin-2.6.jar
7fd28194c000-7fd28194f000 r-xp 00000000 fc:01 15384                      /tmp/libjansi-1.17.1-3426125100216579840.so
7fd28194f000-7fd281b4e000 ---p 00003000 fc:01 15384                      /tmp/libjansi-1.17.1-3426125100216579840.so
7fd281b4e000-7fd281b4f000 rw-p 00002000 fc:01 15384                      /tmp/libjansi-1.17.1-3426125100216579840.so
7fd281b4f000-7fd281b80000 rw-p 00000000 00:00 0 
7fd281b80000-7fd281b96000 r-xp 00000000 fc:01 3109296                    /usr/lib/jvm/java-8-openjdk-amd64/jre/lib/amd64/libnet.so
7fd281b96000-7fd281d95000 ---p 00016000 fc:01 3109296                    /usr/lib/jvm/java-8-openjdk-amd64/jre/lib/amd64/libnet.so
7fd281d95000-7fd281d96000 r--p 00015000 fc:01 3109296                    /usr/lib/jvm/java-8-openjdk-amd64/jre/lib/amd64/libnet.so
7fd281d96000-7fd281d97000 rw-p 00016000 fc:01 3109296                    /usr/lib/jvm/java-8-openjdk-amd64/jre/lib/amd64/libnet.so
7fd281d97000-7fd281da8000 r-xp 00000000 fc:01 3109297                    /usr/lib/jvm/java-8-openjdk-amd64/jre/lib/amd64/libnio.so
7fd281da8000-7fd281fa7000 ---p 00011000 fc:01 3109297                    /usr/lib/jvm/java-8-openjdk-amd64/jre/lib/amd64/libnio.so
7fd281fa7000-7fd281fa8000 r--p 00010000 fc:01 3109297                    /usr/lib/jvm/java-8-openjdk-amd64/jre/lib/amd64/libnio.so
7fd281fa8000-7fd281fa9000 rw-p 00011000 fc:01 3109297                    /usr/lib/jvm/java-8-openjdk-amd64/jre/lib/amd64/libnio.so
7fd281fa9000-7fd281fad000 r--s 000a1000 fc:01 3109341                    /usr/lib/jvm/java-8-openjdk-amd64/jre/lib/jsse.jar
7fd281fad000-7fd281fae000 r--s 00002000 fc:01 2588997                    /opt/eclipse/plugins/org.eclipse.m2e.maven.runtime.slf4j.simple_1.12.0.20190529-1915/jars/slf4j-simple-1.7.5.jar
7fd281fae000-7fd281fb2000 r--s 00023000 fc:01 2587169                    /opt/eclipse/plugins/org.eclipse.m2e.maven.runtime_1.12.0.20190529-1915/jars/maven-resolver-util-1.3.3.jar
7fd281fb2000-7fd281fb5000 r--s 0002b000 fc:01 2587159                    /opt/eclipse/plugins/org.eclipse.m2e.maven.runtime_1.12.0.20190529-1915/jars/maven-model-3.6.1.jar
7fd281fb5000-7fd281fb8000 r--s 00026000 fc:01 2587172                    /opt/eclipse/plugins/org.eclipse.m2e.maven.runtime_1.12.0.20190529-1915/jars/maven-shared-utils-3.2.1.jar
7fd281fb8000-7fd281fbe000 r--s 00041000 fc:01 2587156                    /opt/eclipse/plugins/org.eclipse.m2e.maven.runtime_1.12.0.20190529-1915/jars/maven-compat-3.6.1.jar
7fd281fbe000-7fd281fc1000 r--s 00016000 fc:01 2587158                    /opt/eclipse/plugins/org.eclipse.m2e.maven.runtime_1.12.0.20190529-1915/jars/maven-embedder-3.6.1.jar
7fd281fc1000-7fd281fcc000 r--s 00075000 fc:01 2587150                    /opt/eclipse/plugins/org.eclipse.m2e.maven.runtime_1.12.0.20190529-1915/jars/guice-4.2.1-no_aop.jar
7fd281fcc000-7fd281fd1000 r--s 00020000 fc:01 2587163                    /opt/eclipse/plugins/org.eclipse.m2e.maven.runtime_1.12.0.20190529-1915/jars/maven-resolver-api-1.3.3.jar
7fd281fd1000-7fd281fd2000 r--s 0000a000 fc:01 2587170                    /opt/eclipse/plugins/org.eclipse.m2e.maven.runtime_1.12.0.20190529-1915/jars/maven-settings-3.6.1.jar
7fd281fd2000-7fd281fd6000 r--s 00042000 fc:01 2587152                    /opt/eclipse/plugins/org.eclipse.m2e.maven.runtime_1.12.0.20190529-1915/jars/jansi-1.17.1.jar
7fd281fd6000-7fd281fd8000 r--s 00009000 fc:01 2587164                    /opt/eclipse/plugins/org.eclipse.m2e.maven.runtime_1.12.0.20190529-1915/jars/maven-resolver-connector-basic-1.3.3.jar
7fd281fd8000-7fd281fdb000 r--s 00012000 fc:01 2588980                    /opt/eclipse/plugins/org.eclipse.m2e.maven.runtime_1.12.0.20190529-1915/jars/plexus-interpolation-1.25.jar
7fd281fdb000-7fd281fdd000 r--s 00009000 fc:01 2587171                    /opt/eclipse/plugins/org.eclipse.m2e.maven.runtime_1.12.0.20190529-1915/jars/maven-settings-builder-3.6.1.jar
7fd281fdd000-7fd281fde000 r--s 00001000 fc:01 2587153                    /opt/eclipse/plugins/org.eclipse.m2e.maven.runtime_1.12.0.20190529-1915/jars/jsr250-api-1.0.jar
7fd281fde000-7fd28200e000 r--s 00249000 fc:01 2587149                    /opt/eclipse/plugins/org.eclipse.m2e.maven.runtime_1.12.0.20190529-1915/jars/guava-25.1-android.jar
7fd28200e000-7fd282016000 r--s 00073000 fc:01 2587147                    /opt/eclipse/plugins/org.eclipse.m2e.maven.runtime_1.12.0.20190529-1915/jars/commons-lang3-3.8.1.jar
7fd282016000-7fd282018000 r--s 0000a000 fc:01 2587161                    /opt/eclipse/plugins/org.eclipse.m2e.maven.runtime_1.12.0.20190529-1915/jars/maven-plugin-api-3.6.1.jar
7fd282018000-7fd282019000 r--s 00002000 fc:01 2588983                    /opt/eclipse/plugins/org.eclipse.m2e.maven.runtime_1.12.0.20190529-1915/jars/wagon-file-3.3.2.jar
7fd282019000-7fd282026000 r--s 0008e000 fc:01 2587157                    /opt/eclipse/plugins/org.eclipse.m2e.maven.runtime_1.12.0.20190529-1915/jars/maven-core-3.6.1.jar
7fd282026000-7fd282028000 r--s 00000000 fc:01 2588979                    /opt/eclipse/plugins/org.eclipse.m2e.maven.runtime_1.12.0.20190529-1915/jars/plexus-component-annotations-1.7.1.jar
7fd282028000-7fd28202a000 r--s 00002000 fc:01 2587148                    /opt/eclipse/plugins/org.eclipse.m2e.maven.runtime_1.12.0.20190529-1915/jars/error_prone_annotations-2.1.3.jar
7fd28202a000-7fd28202b000 r--s 00006000 fc:01 2587162                    /opt/eclipse/plugins/org.eclipse.m2e.maven.runtime_1.12.0.20190529-1915/jars/maven-repository-metadata-3.6.1.jar
7fd28202b000-7fd28202c000 r--s 00003000 fc:01 2587155                    /opt/eclipse/plugins/org.eclipse.m2e.maven.runtime_1.12.0.20190529-1915/jars/maven-builder-support-3.6.1.jar
7fd28202c000-7fd28202f000 r--s 00008000 fc:01 2587144                    /opt/eclipse/plugins/org.eclipse.m2e.maven.runtime_1.12.0.20190529-1915/jars/cdi-api-1.0.jar
7fd28202f000-7fd282035000 r--s 0002d000 fc:01 2588975                    /opt/eclipse/plugins/org.eclipse.m2e.maven.runtime_1.12.0.20190529-1915/jars/org.eclipse.sisu.plexus-0.3.3.jar
7fd282035000-7fd282038000 r--s 0000c000 fc:01 2587154                    /opt/eclipse/plugins/org.eclipse.m2e.maven.runtime_1.12.0.20190529-1915/jars/maven-artifact-3.6.1.jar
7fd282038000-7fd28203a000 r--s 00006000 fc:01 2587168                    /opt/eclipse/plugins/org.eclipse.m2e.maven.runtime_1.12.0.20190529-1915/jars/maven-resolver-transport-wagon-1.3.3.jar
7fd28203a000-7fd28203f000 r--s 00027000 fc:01 2587160                    /opt/eclipse/plugins/org.eclipse.m2e.maven.runtime_1.12.0.20190529-1915/jars/maven-model-builder-3.6.1.jar
7fd28203f000-7fd282044000 r--s 00063000 fc:01 2587198                    /opt/eclipse/plugins/org.eclipse.m2e.maven.runtime_1.12.0.20190529-1915/jars/okhttp-3.14.1.jar
7fd282044000-7fd282048000 r--s 00029000 fc:01 2587165                    /opt/eclipse/plugins/org.eclipse.m2e.maven.runtime_1.12.0.20190529-1915/jars/maven-resolver-impl-1.3.3.jar
7fd282048000-7fd28204c000 r--s 0003d000 fc:01 2588982                    /opt/eclipse/plugins/org.eclipse.m2e.maven.runtime_1.12.0.20190529-1915/jars/plexus-utils-3.2.0.jar
7fd28204c000-7fd28204e000 r--s 00007000 fc:01 2587167                    /opt/eclipse/plugins/org.eclipse.m2e.maven.runtime_1.12.0.20190529-1915/jars/maven-resolver-spi-1.3.3.jar
7fd28204e000-7fd282050000 r--s 0000f000 fc:01 2587166                    /opt/eclipse/plugins/org.eclipse.m2e.maven.runtime_1.12.0.20190529-1915/jars/maven-resolver-provider-3.6.1.jar
7fd282050000-7fd282051000 r--s 00000000 fc:01 2587143                    /opt/eclipse/plugins/org.eclipse.m2e.maven.runtime_1.12.0.20190529-1915/jars/animal-sniffer-annotations-1.14.jar
7fd282051000-7fd282053000 r--s 00001000 fc:01 2587151                    /opt/eclipse/plugins/org.eclipse.m2e.maven.runtime_1.12.0.20190529-1915/jars/j2objc-annotations-1.1.jar
7fd282053000-7fd282055000 r--s 00002000 fc:01 2588977                    /opt/eclipse/plugins/org.eclipse.m2e.maven.runtime_1.12.0.20190529-1915/jars/plexus-cipher-1.7.jar
7fd282055000-7fd28205c000 r--s 00056000 fc:01 2588974                    /opt/eclipse/plugins/org.eclipse.m2e.maven.runtime_1.12.0.20190529-1915/jars/org.eclipse.sisu.inject-0.3.3.jar
7fd28205c000-7fd28205e000 r--s 00015000 fc:01 2588973                    /opt/eclipse/plugins/org.eclipse.m2e.maven.runtime_1.12.0.20190529-1915/jars/okio-1.17.3.jar
7fd28205e000-7fd282060000 r--s 0000b000 fc:01 2587142                    /opt/eclipse/plugins/org.eclipse.m2e.maven.runtime_1.12.0.20190529-1915/jars/aether-connector-okhttp-0.17.6.jar
7fd282060000-7fd282062000 r--s 0000c000 fc:01 2588984                    /opt/eclipse/plugins/org.eclipse.m2e.maven.runtime_1.12.0.20190529-1915/jars/wagon-provider-api-3.3.2.jar
7fd282062000-7fd282064000 r--s 0000c000 fc:01 2587145                    /opt/eclipse/plugins/org.eclipse.m2e.maven.runtime_1.12.0.20190529-1915/jars/commons-cli-1.4.jar
7fd282064000-7fd282068000 r--s 0002f000 fc:01 2587146                    /opt/eclipse/plugins/org.eclipse.m2e.maven.runtime_1.12.0.20190529-1915/jars/commons-io-2.5.jar
7fd282068000-7fd28206a000 r--s 0000b000 fc:01 2588978                    /opt/eclipse/plugins/org.eclipse.m2e.maven.runtime_1.12.0.20190529-1915/jars/plexus-classworlds-2.6.0.jar
7fd28206a000-7fd28206c000 r--s 00001000 fc:01 3109319                    /usr/lib/jvm/java-8-openjdk-amd64/jre/lib/ext/dnsns.jar
7fd28206c000-7fd28206e000 r--s 00008000 fc:01 3109324                    /usr/lib/jvm/java-8-openjdk-amd64/jre/lib/ext/sunec.jar
7fd28206e000-7fd282073000 r--s 0003c000 fc:01 3109325                    /usr/lib/jvm/java-8-openjdk-amd64/jre/lib/ext/sunjce_provider.jar
7fd282073000-7fd28207d000 r--s 00116000 fc:01 3109322                    /usr/lib/jvm/java-8-openjdk-amd64/jre/lib/ext/localedata.jar
7fd28207d000-7fd282098000 r--s 001d6000 fc:01 3109323                    /usr/lib/jvm/java-8-openjdk-amd64/jre/lib/ext/nashorn.jar
7fd282098000-7fd2820b3000 r--s 00394000 fc:01 3109318                    /usr/lib/jvm/java-8-openjdk-amd64/jre/lib/ext/cldrdata.jar
7fd2820b3000-7fd2820b4000 ---p 00000000 00:00 0 
7fd2820b4000-7fd2821b4000 rw-p 00000000 00:00 0 
7fd2821b4000-7fd2821b7000 ---p 00000000 00:00 0 
7fd2821b7000-7fd2822b5000 rw-p 00000000 00:00 0 
7fd2822b5000-7fd2822b6000 ---p 00000000 00:00 0 
7fd2822b6000-7fd2822b9000 ---p 00000000 00:00 0 
7fd2822b9000-7fd2823b6000 rw-p 00000000 00:00 0 
7fd2823b6000-7fd2823b7000 ---p 00000000 00:00 0 
7fd2823b7000-7fd2823ba000 ---p 00000000 00:00 0 
7fd2823ba000-7fd2824b7000 rw-p 00000000 00:00 0 
7fd2824b7000-7fd2824ba000 ---p 00000000 00:00 0 
7fd2824ba000-7fd2825b8000 rw-p 00000000 00:00 0 
7fd2825b8000-7fd2825e9000 r--p 00000000 fc:01 7809                       /usr/lib/locale/C.UTF-8/LC_CTYPE
7fd2825e9000-7fd28275c000 r--p 00000000 fc:01 7808                       /usr/lib/locale/C.UTF-8/LC_COLLATE
7fd28275c000-7fd2828f7000 r--p 00000000 fc:01 7803                       /usr/lib/locale/locale-archive
7fd2828f7000-7fd2828fa000 ---p 00000000 00:00 0 
7fd2828fa000-7fd2829f8000 rw-p 00000000 00:00 0 
7fd2829f8000-7fd2829fb000 ---p 00000000 00:00 0 
7fd2829fb000-7fd282af9000 rw-p 00000000 00:00 0 
7fd282af9000-7fd282afa000 ---p 00000000 00:00 0 
7fd282afa000-7fd285000000 rw-p 00000000 00:00 0 
7fd285000000-7fd285b10000 rwxp 00000000 00:00 0 
7fd285b10000-7fd294000000 ---p 00000000 00:00 0 
7fd294000000-7fd294b29000 rw-p 00000000 00:00 0 
7fd294b29000-7fd298000000 ---p 00000000 00:00 0 
7fd298000000-7fd298001000 r--s 00006000 fc:01 2588981                    /opt/eclipse/plugins/org.eclipse.m2e.maven.runtime_1.12.0.20190529-1915/jars/plexus-sec-dispatcher-1.4.jar
7fd298001000-7fd298002000 r--s 00010000 fc:01 3109327                    /usr/lib/jvm/java-8-openjdk-amd64/jre/lib/ext/zipfs.jar
7fd298002000-7fd298003000 r--s 0000a000 fc:01 3109321                    /usr/lib/jvm/java-8-openjdk-amd64/jre/lib/ext/jaccess.jar
7fd298003000-7fd298005000 r--s 00007000 fc:01 79404                      /usr/share/java/java-atk-wrapper.jar
7fd298005000-7fd298008000 r--s 00039000 fc:01 3109326                    /usr/lib/jvm/java-8-openjdk-amd64/jre/lib/ext/sunpkcs11.jar
7fd298008000-7fd29800b000 r--s 0000f000 fc:01 3109320                    /usr/lib/jvm/java-8-openjdk-amd64/jre/lib/ext/icedtea-sound.jar
7fd29800b000-7fd29800c000 r--p 00000000 fc:01 7814                       /usr/lib/locale/C.UTF-8/LC_NUMERIC
7fd29800c000-7fd29800d000 r--p 00000000 fc:01 7817                       /usr/lib/locale/C.UTF-8/LC_TIME
7fd29800d000-7fd29800e000 r--p 00000000 fc:01 7812                       /usr/lib/locale/C.UTF-8/LC_MONETARY
7fd29800e000-7fd29800f000 r--p 00000000 fc:01 7806                       /usr/lib/locale/C.UTF-8/LC_MESSAGES/SYS_LC_MESSAGES
7fd29800f000-7fd298010000 r--p 00000000 fc:01 7815                       /usr/lib/locale/C.UTF-8/LC_PAPER
7fd298010000-7fd298456000 rw-p 00000000 00:00 0 
7fd298456000-7fd298625000 r--s 03c3b000 fc:01 3109347                    /usr/lib/jvm/java-8-openjdk-amd64/jre/lib/rt.jar
7fd298625000-7fd299089000 rw-p 00000000 00:00 0 
7fd299089000-7fd29908a000 ---p 00000000 00:00 0 
7fd29908a000-7fd29918a000 rw-p 00000000 00:00 0 
7fd29918a000-7fd29918b000 ---p 00000000 00:00 0 
7fd29918b000-7fd29929f000 rw-p 00000000 00:00 0 
7fd29929f000-7fd2993d5000 ---p 00000000 00:00 0 
7fd2993d5000-7fd2993e9000 rw-p 00000000 00:00 0 
7fd2993e9000-7fd29951e000 ---p 00000000 00:00 0 
7fd29951e000-7fd299566000 rw-p 00000000 00:00 0 
7fd299566000-7fd2995c3000 ---p 00000000 00:00 0 
7fd2995c3000-7fd2995f1000 rw-p 00000000 00:00 0 
7fd2995f1000-7fd299984000 ---p 00000000 00:00 0 
7fd299984000-7fd29998c000 r-xp 00000000 fc:01 3109304                    /usr/lib/jvm/java-8-openjdk-amd64/jre/lib/amd64/libzip.so
7fd29998c000-7fd299b8b000 ---p 00008000 fc:01 3109304                    /usr/lib/jvm/java-8-openjdk-amd64/jre/lib/amd64/libzip.so
7fd299b8b000-7fd299b8c000 r--p 00007000 fc:01 3109304                    /usr/lib/jvm/java-8-openjdk-amd64/jre/lib/amd64/libzip.so
7fd299b8c000-7fd299b8d000 rw-p 00008000 fc:01 3109304                    /usr/lib/jvm/java-8-openjdk-amd64/jre/lib/amd64/libzip.so
7fd299b8d000-7fd299b98000 r-xp 00000000 fc:01 2095                       /lib/x86_64-linux-gnu/libnss_files-2.27.so
7fd299b98000-7fd299d97000 ---p 0000b000 fc:01 2095                       /lib/x86_64-linux-gnu/libnss_files-2.27.so
7fd299d97000-7fd299d98000 r--p 0000a000 fc:01 2095                       /lib/x86_64-linux-gnu/libnss_files-2.27.so
7fd299d98000-7fd299d99000 rw-p 0000b000 fc:01 2095                       /lib/x86_64-linux-gnu/libnss_files-2.27.so
7fd299d99000-7fd299d9f000 rw-p 00000000 00:00 0 
7fd299d9f000-7fd299db6000 r-xp 00000000 fc:01 2092                       /lib/x86_64-linux-gnu/libnsl-2.27.so
7fd299db6000-7fd299fb5000 ---p 00017000 fc:01 2092                       /lib/x86_64-linux-gnu/libnsl-2.27.so
7fd299fb5000-7fd299fb6000 r--p 00016000 fc:01 2092                       /lib/x86_64-linux-gnu/libnsl-2.27.so
7fd299fb6000-7fd299fb7000 rw-p 00017000 fc:01 2092                       /lib/x86_64-linux-gnu/libnsl-2.27.so
7fd299fb7000-7fd299fb9000 rw-p 00000000 00:00 0 
7fd299fb9000-7fd299fc4000 r-xp 00000000 fc:01 2097                       /lib/x86_64-linux-gnu/libnss_nis-2.27.so
7fd299fc4000-7fd29a1c3000 ---p 0000b000 fc:01 2097                       /lib/x86_64-linux-gnu/libnss_nis-2.27.so
7fd29a1c3000-7fd29a1c4000 r--p 0000a000 fc:01 2097                       /lib/x86_64-linux-gnu/libnss_nis-2.27.so
7fd29a1c4000-7fd29a1c5000 rw-p 0000b000 fc:01 2097                       /lib/x86_64-linux-gnu/libnss_nis-2.27.so
7fd29a1c5000-7fd29a1cd000 r-xp 00000000 fc:01 2093                       /lib/x86_64-linux-gnu/libnss_compat-2.27.so
7fd29a1cd000-7fd29a3cd000 ---p 00008000 fc:01 2093                       /lib/x86_64-linux-gnu/libnss_compat-2.27.so
7fd29a3cd000-7fd29a3ce000 r--p 00008000 fc:01 2093                       /lib/x86_64-linux-gnu/libnss_compat-2.27.so
7fd29a3ce000-7fd29a3cf000 rw-p 00009000 fc:01 2093                       /lib/x86_64-linux-gnu/libnss_compat-2.27.so
7fd29a3cf000-7fd29a3fb000 r-xp 00000000 fc:01 3109285                    /usr/lib/jvm/java-8-openjdk-amd64/jre/lib/amd64/libjava.so
7fd29a3fb000-7fd29a5fa000 ---p 0002c000 fc:01 3109285                    /usr/lib/jvm/java-8-openjdk-amd64/jre/lib/amd64/libjava.so
7fd29a5fa000-7fd29a5fb000 r--p 0002b000 fc:01 3109285                    /usr/lib/jvm/java-8-openjdk-amd64/jre/lib/amd64/libjava.so
7fd29a5fb000-7fd29a5fd000 rw-p 0002c000 fc:01 3109285                    /usr/lib/jvm/java-8-openjdk-amd64/jre/lib/amd64/libjava.so
7fd29a5fd000-7fd29a60d000 r-xp 00000000 fc:01 3109303                    /usr/lib/jvm/java-8-openjdk-amd64/jre/lib/amd64/libverify.so
7fd29a60d000-7fd29a80c000 ---p 00010000 fc:01 3109303                    /usr/lib/jvm/java-8-openjdk-amd64/jre/lib/amd64/libverify.so
7fd29a80c000-7fd29a80e000 r--p 0000f000 fc:01 3109303                    /usr/lib/jvm/java-8-openjdk-amd64/jre/lib/amd64/libverify.so
7fd29a80e000-7fd29a80f000 rw-p 00011000 fc:01 3109303                    /usr/lib/jvm/java-8-openjdk-amd64/jre/lib/amd64/libverify.so
7fd29a80f000-7fd29a816000 r-xp 00000000 fc:01 2181                       /lib/x86_64-linux-gnu/librt-2.27.so
7fd29a816000-7fd29aa15000 ---p 00007000 fc:01 2181                       /lib/x86_64-linux-gnu/librt-2.27.so
7fd29aa15000-7fd29aa16000 r--p 00006000 fc:01 2181                       /lib/x86_64-linux-gnu/librt-2.27.so
7fd29aa16000-7fd29aa17000 rw-p 00007000 fc:01 2181                       /lib/x86_64-linux-gnu/librt-2.27.so
7fd29aa17000-7fd29aa2e000 r-xp 00000000 fc:01 2098                       /lib/x86_64-linux-gnu/libgcc_s.so.1
7fd29aa2e000-7fd29ac2d000 ---p 00017000 fc:01 2098                       /lib/x86_64-linux-gnu/libgcc_s.so.1
7fd29ac2d000-7fd29ac2e000 r--p 00016000 fc:01 2098                       /lib/x86_64-linux-gnu/libgcc_s.so.1
7fd29ac2e000-7fd29ac2f000 rw-p 00017000 fc:01 2098                       /lib/x86_64-linux-gnu/libgcc_s.so.1
7fd29ac2f000-7fd29adcc000 r-xp 00000000 fc:01 2089                       /lib/x86_64-linux-gnu/libm-2.27.so
7fd29adcc000-7fd29afcb000 ---p 0019d000 fc:01 2089                       /lib/x86_64-linux-gnu/libm-2.27.so
7fd29afcb000-7fd29afcc000 r--p 0019c000 fc:01 2089                       /lib/x86_64-linux-gnu/libm-2.27.so
7fd29afcc000-7fd29afcd000 rw-p 0019d000 fc:01 2089                       /lib/x86_64-linux-gnu/libm-2.27.so
7fd29afcd000-7fd29b146000 r-xp 00000000 fc:01 5026                       /usr/lib/x86_64-linux-gnu/libstdc++.so.6.0.25
7fd29b146000-7fd29b346000 ---p 00179000 fc:01 5026                       /usr/lib/x86_64-linux-gnu/libstdc++.so.6.0.25
7fd29b346000-7fd29b350000 r--p 00179000 fc:01 5026                       /usr/lib/x86_64-linux-gnu/libstdc++.so.6.0.25
7fd29b350000-7fd29b352000 rw-p 00183000 fc:01 5026                       /usr/lib/x86_64-linux-gnu/libstdc++.so.6.0.25
7fd29b352000-7fd29b356000 rw-p 00000000 00:00 0 
7fd29b356000-7fd29bff3000 r-xp 00000000 fc:01 3109307                    /usr/lib/jvm/java-8-openjdk-amd64/jre/lib/amd64/server/libjvm.so
7fd29bff3000-7fd29c1f2000 ---p 00c9d000 fc:01 3109307                    /usr/lib/jvm/java-8-openjdk-amd64/jre/lib/amd64/server/libjvm.so
7fd29c1f2000-7fd29c286000 r--p 00c9c000 fc:01 3109307                    /usr/lib/jvm/java-8-openjdk-amd64/jre/lib/amd64/server/libjvm.so
7fd29c286000-7fd29c2af000 rw-p 00d30000 fc:01 3109307                    /usr/lib/jvm/java-8-openjdk-amd64/jre/lib/amd64/server/libjvm.so
7fd29c2af000-7fd29c2df000 rw-p 00000000 00:00 0 
7fd29c2df000-7fd29c2f9000 r-xp 00000000 fc:01 2179                       /lib/x86_64-linux-gnu/libpthread-2.27.so
7fd29c2f9000-7fd29c4f8000 ---p 0001a000 fc:01 2179                       /lib/x86_64-linux-gnu/libpthread-2.27.so
7fd29c4f8000-7fd29c4f9000 r--p 00019000 fc:01 2179                       /lib/x86_64-linux-gnu/libpthread-2.27.so
7fd29c4f9000-7fd29c4fa000 rw-p 0001a000 fc:01 2179                       /lib/x86_64-linux-gnu/libpthread-2.27.so
7fd29c4fa000-7fd29c4fe000 rw-p 00000000 00:00 0 
7fd29c4fe000-7fd29c501000 r-xp 00000000 fc:01 2088                       /lib/x86_64-linux-gnu/libdl-2.27.so
7fd29c501000-7fd29c700000 ---p 00003000 fc:01 2088                       /lib/x86_64-linux-gnu/libdl-2.27.so
7fd29c700000-7fd29c701000 r--p 00002000 fc:01 2088                       /lib/x86_64-linux-gnu/libdl-2.27.so
7fd29c701000-7fd29c702000 rw-p 00003000 fc:01 2088                       /lib/x86_64-linux-gnu/libdl-2.27.so
7fd29c702000-7fd29c71e000 r-xp 00000000 fc:01 2184                       /lib/x86_64-linux-gnu/libz.so.1.2.11
7fd29c71e000-7fd29c91d000 ---p 0001c000 fc:01 2184                       /lib/x86_64-linux-gnu/libz.so.1.2.11
7fd29c91d000-7fd29c91e000 r--p 0001b000 fc:01 2184                       /lib/x86_64-linux-gnu/libz.so.1.2.11
7fd29c91e000-7fd29c91f000 rw-p 0001c000 fc:01 2184                       /lib/x86_64-linux-gnu/libz.so.1.2.11
7fd29c91f000-7fd29cb06000 r-xp 00000000 fc:01 2085                       /lib/x86_64-linux-gnu/libc-2.27.so
7fd29cb06000-7fd29cd06000 ---p 001e7000 fc:01 2085                       /lib/x86_64-linux-gnu/libc-2.27.so
7fd29cd06000-7fd29cd0a000 r--p 001e7000 fc:01 2085                       /lib/x86_64-linux-gnu/libc-2.27.so
7fd29cd0a000-7fd29cd0c000 rw-p 001eb000 fc:01 2085                       /lib/x86_64-linux-gnu/libc-2.27.so
7fd29cd0c000-7fd29cd10000 rw-p 00000000 00:00 0 
7fd29cd10000-7fd29cd1e000 r-xp 00000000 fc:01 3109271                    /usr/lib/jvm/java-8-openjdk-amd64/jre/lib/amd64/jli/libjli.so
7fd29cd1e000-7fd29cf1d000 ---p 0000e000 fc:01 3109271                    /usr/lib/jvm/java-8-openjdk-amd64/jre/lib/amd64/jli/libjli.so
7fd29cf1d000-7fd29cf1e000 r--p 0000d000 fc:01 3109271                    /usr/lib/jvm/java-8-openjdk-amd64/jre/lib/amd64/jli/libjli.so
7fd29cf1e000-7fd29cf1f000 rw-p 0000e000 fc:01 3109271                    /usr/lib/jvm/java-8-openjdk-amd64/jre/lib/amd64/jli/libjli.so
7fd29cf1f000-7fd29cf46000 r-xp 00000000 fc:01 2081                       /lib/x86_64-linux-gnu/ld-2.27.so
7fd29cf46000-7fd29cf47000 r--p 00000000 fc:01 7813                       /usr/lib/locale/C.UTF-8/LC_NAME
7fd29cf47000-7fd29cf48000 r--p 00000000 fc:01 7807                       /usr/lib/locale/C.UTF-8/LC_ADDRESS
7fd29cf48000-7fd29d02d000 rw-p 00000000 00:00 0 
7fd29d02d000-7fd29d02e000 ---p 00000000 00:00 0 
7fd29d02e000-7fd29d031000 ---p 00000000 00:00 0 
7fd29d031000-7fd29d130000 rw-p 00000000 00:00 0 
7fd29d130000-7fd29d131000 r--p 00000000 fc:01 7816                       /usr/lib/locale/C.UTF-8/LC_TELEPHONE
7fd29d131000-7fd29d132000 r--p 00000000 fc:01 7811                       /usr/lib/locale/C.UTF-8/LC_MEASUREMENT
7fd29d132000-7fd29d139000 r--s 00000000 fc:01 5019                       /usr/lib/x86_64-linux-gnu/gconv/gconv-modules.cache
7fd29d139000-7fd29d13a000 r--p 00000000 fc:01 7810                       /usr/lib/locale/C.UTF-8/LC_IDENTIFICATION
7fd29d13a000-7fd29d142000 rw-s 00000000 fc:01 1044578                    /tmp/hsperfdata_root/13134
7fd29d142000-7fd29d143000 rw-p 00000000 00:00 0 
7fd29d143000-7fd29d144000 ---p 00000000 00:00 0 
7fd29d144000-7fd29d146000 rw-p 00000000 00:00 0 
7fd29d146000-7fd29d147000 r--p 00027000 fc:01 2081                       /lib/x86_64-linux-gnu/ld-2.27.so
7fd29d147000-7fd29d148000 rw-p 00028000 fc:01 2081                       /lib/x86_64-linux-gnu/ld-2.27.so
7fd29d148000-7fd29d149000 rw-p 00000000 00:00 0 
7ffe7e124000-7ffe7e145000 rw-p 00000000 00:00 0                          [stack]
7ffe7e1d9000-7ffe7e1dc000 r--p 00000000 00:00 0                          [vvar]
7ffe7e1dc000-7ffe7e1de000 r-xp 00000000 00:00 0                          [vdso]
ffffffffff600000-ffffffffff601000 r-xp 00000000 00:00 0                  [vsyscall]

VM Arguments:
jvm_args: -Dmaven.home=EMBEDDED -Dclassworlds.conf=/root/Java_Training/.metadata/.plugins/org.eclipse.m2e.launching/launches/m2conf301470982220640937.tmp -Dmaven.multiModuleProjectDirectory=/root/Java_Training/productApp -Dfile.encoding=UTF-8 
java_command: org.codehaus.plexus.classworlds.launcher.Launcher -B jetty:run
java_class_path (initial): /opt/eclipse/plugins/org.eclipse.m2e.maven.runtime_1.12.0.20190529-1915/jars/plexus-classworlds-2.6.0.jar
Launcher Type: SUN_STANDARD

Environment Variables:
PATH=/usr/local/sbin:/usr/local/bin:/usr/sbin:/usr/bin:/sbin:/bin
SHELL=/bin/bash
DISPLAY=:20.0

Signal Handlers:
SIGSEGV: [libjvm.so+0xab5000], sa_mask[0]=11111111011111111101111111111110, sa_flags=SA_RESTART|SA_SIGINFO
SIGBUS: [libjvm.so+0xab5000], sa_mask[0]=11111111011111111101111111111110, sa_flags=SA_RESTART|SA_SIGINFO
SIGFPE: [libjvm.so+0x8ea970], sa_mask[0]=11111111011111111101111111111110, sa_flags=SA_RESTART|SA_SIGINFO
SIGPIPE: [libjvm.so+0x8ea970], sa_mask[0]=11111111011111111101111111111110, sa_flags=SA_RESTART|SA_SIGINFO
SIGXFSZ: [libjvm.so+0x8ea970], sa_mask[0]=11111111011111111101111111111110, sa_flags=SA_RESTART|SA_SIGINFO
SIGILL: [libjvm.so+0x8ea970], sa_mask[0]=11111111011111111101111111111110, sa_flags=SA_RESTART|SA_SIGINFO
SIGUSR1: SIG_DFL, sa_mask[0]=00000000000000000000000000000000, sa_flags=none
SIGUSR2: [libjvm.so+0x8ea820], sa_mask[0]=00100000000000000000000000000000, sa_flags=SA_RESTART|SA_SIGINFO
SIGHUP: [libjvm.so+0x8eae90], sa_mask[0]=11111111011111111101111111111110, sa_flags=SA_RESTART|SA_SIGINFO
SIGINT: [libjvm.so+0x8eae90], sa_mask[0]=11111111011111111101111111111110, sa_flags=SA_RESTART|SA_SIGINFO
SIGTERM: [libjvm.so+0x8eae90], sa_mask[0]=11111111011111111101111111111110, sa_flags=SA_RESTART|SA_SIGINFO
SIGQUIT: [libjvm.so+0x8eae90], sa_mask[0]=11111111011111111101111111111110, sa_flags=SA_RESTART|SA_SIGINFO


---------------  S Y S T E M  ---------------

OS:DISTRIB_ID=Ubuntu
DISTRIB_RELEASE=18.04
DISTRIB_CODENAME=bionic
DISTRIB_DESCRIPTION="Ubuntu 18.04.2 LTS"

uname:Linux 4.15.0-52-generic #56-Ubuntu SMP Tue Jun 4 22:49:08 UTC 2019 x86_64
libc:glibc 2.27 NPTL 2.27 
rlimit: STACK 8192k, CORE 0k, NPROC 15680, NOFILE 4096, AS infinity
load average:0.90 0.51 0.36

/proc/meminfo:
MemTotal:        4039576 kB
MemFree:           84976 kB
MemAvailable:          0 kB
Buffers:             352 kB
Cached:            94076 kB
SwapCached:            0 kB
Active:          3664440 kB
Inactive:          84060 kB
Active(anon):    3655336 kB
Inactive(anon):    74752 kB
Active(file):       9104 kB
Inactive(file):     9308 kB
Unevictable:          32 kB
Mlocked:              32 kB
SwapTotal:             0 kB
SwapFree:              0 kB
Dirty:                72 kB
Writeback:             8 kB
AnonPages:       3654232 kB
Mapped:            56240 kB
Shmem:             75888 kB
Slab:             100856 kB
SReclaimable:      38048 kB
SUnreclaim:        62808 kB
KernelStack:       11552 kB
PageTables:        52312 kB
NFS_Unstable:          0 kB
Bounce:                0 kB
WritebackTmp:          0 kB
CommitLimit:     2019788 kB
Committed_AS:    8055960 kB
VmallocTotal:   34359738367 kB
VmallocUsed:           0 kB
VmallocChunk:          0 kB
HardwareCorrupted:     0 kB
AnonHugePages:         0 kB
ShmemHugePages:        0 kB
ShmemPmdMapped:        0 kB
CmaTotal:              0 kB
CmaFree:               0 kB
HugePages_Total:       0
HugePages_Free:        0
HugePages_Rsvd:        0
HugePages_Surp:        0
Hugepagesize:       2048 kB
DirectMap4k:      223212 kB
DirectMap2M:     3971072 kB
DirectMap1G:           0 kB

container (cgroup) information:
container_type: cgroupv1
cpu_cpuset_cpus: 0-1
cpu_memory_nodes: 0
active_processor_count: 2
cpu_quota: -1
cpu_period: 100000
cpu_shares: -1
memory_limit_in_bytes: -1
memory_and_swap_limit_in_bytes: -2
memory_soft_limit_in_bytes: -1
memory_usage_in_bytes: 3580514304
memory_max_usage_in_bytes: 3593469952


CPU:total 2 (initial active 2) (1 cores per cpu, 1 threads per core) family 6 model 85 stepping 4, cmov, cx8, fxsr, mmx, sse, sse2, sse3, ssse3, sse4.1, sse4.2, popcnt, avx, avx2, aes, clmul, erms, rtm, 3dnowpref, lzcnt, tsc, bmi1, bmi2, adx

/proc/cpuinfo:
processor	: 0
vendor_id	: GenuineIntel
cpu family	: 6
model		: 85
model name	: Intel(R) Xeon(R) Gold 6140 CPU @ 2.30GHz
stepping	: 4
microcode	: 0x1
cpu MHz		: 2294.608
cache size	: 25344 KB
physical id	: 0
siblings	: 1
core id		: 0
cpu cores	: 1
apicid		: 0
initial apicid	: 0
fpu		: yes
fpu_exception	: yes
cpuid level	: 13
wp		: yes
flags		: fpu vme de pse tsc msr pae mce cx8 apic sep mtrr pge mca cmov pat pse36 clflush mmx fxsr sse sse2 ss syscall nx pdpe1gb rdtscp lm constant_tsc arch_perfmon rep_good nopl cpuid tsc_known_freq pni pclmulqdq vmx ssse3 fma cx16 pcid sse4_1 sse4_2 x2apic movbe popcnt tsc_deadline_timer aes xsave avx f16c rdrand hypervisor lahf_lm abm 3dnowprefetch cpuid_fault invpcid_single pti ssbd ibrs ibpb tpr_shadow vnmi flexpriority ept vpid fsgsbase tsc_adjust bmi1 hle avx2 smep bmi2 erms invpcid rtm mpx avx512f avx512dq rdseed adx smap clflushopt clwb avx512cd avx512bw avx512vl xsaveopt xsavec xgetbv1 xsaves pku ospke md_clear
bugs		: cpu_meltdown spectre_v1 spectre_v2 spec_store_bypass l1tf mds
bogomips	: 4589.21
clflush size	: 64
cache_alignment	: 64
address sizes	: 40 bits physical, 48 bits virtual
power management:

processor	: 1
vendor_id	: GenuineIntel
cpu family	: 6
model		: 85
model name	: Intel(R) Xeon(R) Gold 6140 CPU @ 2.30GHz
stepping	: 4
microcode	: 0x1
cpu MHz		: 2294.608
cache size	: 25344 KB
physical id	: 1
siblings	: 1
core id		: 0
cpu cores	: 1
apicid		: 1
initial apicid	: 1
fpu		: yes
fpu_exception	: yes
cpuid level	: 13
wp		: yes
flags		: fpu vme de pse tsc msr pae mce cx8 apic sep mtrr pge mca cmov pat pse36 clflush mmx fxsr sse sse2 ss syscall nx pdpe1gb rdtscp lm constant_tsc arch_perfmon rep_good nopl cpuid tsc_known_freq pni pclmulqdq vmx ssse3 fma cx16 pcid sse4_1 sse4_2 x2apic movbe popcnt tsc_deadline_timer aes xsave avx f16c rdrand hypervisor lahf_lm abm 3dnowprefetch cpuid_fault invpcid_single pti ssbd ibrs ibpb tpr_shadow vnmi flexpriority ept vpid fsgsbase tsc_adjust bmi1 hle avx2 smep bmi2 erms invpcid rtm mpx avx512f avx512dq rdseed adx smap clflushopt clwb avx512cd avx512bw avx512vl xsaveopt xsavec xgetbv1 xsaves pku ospke md_clear
bugs		: cpu_meltdown spectre_v1 spectre_v2 spec_store_bypass l1tf mds
bogomips	: 4589.21
clflush size	: 64
cache_alignment	: 64
address sizes	: 40 bits physical, 48 bits virtual
power management:



Memory: 4k page, physical 4039576k(87652k free), swap 0k(0k free)

vm_info: OpenJDK 64-Bit Server VM (25.212-b03) for linux-amd64 JRE (1.8.0_212-8u212-b03-0ubuntu1.18.04.1-b03), built on Apr 26 2019 01:04:36 by "buildd" with gcc 7.3.0

time: Mon Jul 15 11:15:04 2019
timezone: UTC
elapsed time: 23 seconds (0d 0h 0m 23s)

